0	0.00005978	RSPDRV.exe	IRP_MJ_CREATE	Serial0	SUCCESS	Options: Open 	
1	0.00000726	RSPDRV.exe	IOCTL_SERIAL_PURGE	Serial0	SUCCESS	Purge: TXABORT RXABORT TXCLEAR RXCLEAR	
2	0.00000279	RSPDRV.exe	IRP_MJ_FLUSH_BUFFERS	Serial0	SUCCESS		
3	0.00000335	RSPDRV.exe	IOCTL_SERIAL_PURGE	Serial0	SUCCESS	Purge: TXABORT RXABORT TXCLEAR RXCLEAR	
4	0.00000251	RSPDRV.exe	IOCTL_SERIAL_SET_QUEUE_SIZE	Serial0	SUCCESS	InSize: 2048 OutSize: 2048	
5	0.00000196	RSPDRV.exe	IOCTL_SERIAL_GET_BAUD_RATE	Serial0	SUCCESS		
6	0.00000223	RSPDRV.exe	IOCTL_SERIAL_GET_LINE_CONTROL	Serial0	SUCCESS		
7	0.00000196	RSPDRV.exe	IOCTL_SERIAL_GET_CHARS	Serial0	SUCCESS		
8	0.00000223	RSPDRV.exe	IOCTL_SERIAL_GET_HANDFLOW	Serial0	SUCCESS		
9	0.00000196	RSPDRV.exe	IOCTL_SERIAL_GET_BAUD_RATE	Serial0	SUCCESS		
10	0.00000168	RSPDRV.exe	IOCTL_SERIAL_GET_LINE_CONTROL	Serial0	SUCCESS		
11	0.00000168	RSPDRV.exe	IOCTL_SERIAL_GET_CHARS	Serial0	SUCCESS		
12	0.00000196	RSPDRV.exe	IOCTL_SERIAL_GET_HANDFLOW	Serial0	SUCCESS		
13	0.00000838	RSPDRV.exe	IOCTL_SERIAL_SET_BAUD_RATE	Serial0	SUCCESS	Rate: 9600	
14	0.00000475	RSPDRV.exe	IOCTL_SERIAL_SET_RTS	Serial0	SUCCESS		
15	0.00000419	RSPDRV.exe	IOCTL_SERIAL_SET_DTR	Serial0	SUCCESS		
16	0.00000363	RSPDRV.exe	IOCTL_SERIAL_SET_LINE_CONTROL	Serial0	SUCCESS	StopBits: 1 Parity: NONE WordLength: 8	
17	0.00000223	RSPDRV.exe	IOCTL_SERIAL_SET_CHAR	Serial0	SUCCESS	EOF:0 ERR:0 BRK:0 EVT:0 XON:11 XOFF:13	
18	0.00000419	RSPDRV.exe	IOCTL_SERIAL_SET_HANDFLOW	Serial0	SUCCESS	Shake:1 Replace:40 XonLimit:2048 XoffLimit:512	
19	0.00000196	RSPDRV.exe	IOCTL_SERIAL_GET_TIMEOUTS	Serial0	SUCCESS		
20	0.00000196	RSPDRV.exe	IOCTL_SERIAL_SET_TIMEOUTS	Serial0	SUCCESS	RI:10 RM:0 RC:0 WM:0 WC:0	
21	0.00000363	RSPDRV.exe	IOCTL_SERIAL_PURGE	Serial0	SUCCESS	Purge: TXABORT RXABORT TXCLEAR RXCLEAR	
22	0.00000223	RSPDRV.exe	IOCTL_SERIAL_GET_BAUD_RATE	Serial0	SUCCESS		
23	0.00000196	RSPDRV.exe	IOCTL_SERIAL_GET_LINE_CONTROL	Serial0	SUCCESS		
24	0.00000168	RSPDRV.exe	IOCTL_SERIAL_GET_CHARS	Serial0	SUCCESS		
25	0.00000168	RSPDRV.exe	IOCTL_SERIAL_GET_HANDFLOW	Serial0	SUCCESS		
26	1.00009862	RSPDRV.exe	IRP_MJ_READ	Serial0	CANCELLED	Length 256	
27	0.00000726	RSPDRV.exe	IRP_MJ_FLUSH_BUFFERS	Serial0	SUCCESS		
28	0.00002654	RSPDRV.exe	IOCTL_SERIAL_PURGE	Serial0	SUCCESS	Purge: TXABORT RXABORT TXCLEAR RXCLEAR	
29	0.00000251	RSPDRV.exe	IOCTL_SERIAL_SET_QUEUE_SIZE	Serial0	SUCCESS	InSize: 2048 OutSize: 2048	
30	0.00000196	RSPDRV.exe	IOCTL_SERIAL_GET_BAUD_RATE	Serial0	SUCCESS		
31	0.00000251	RSPDRV.exe	IOCTL_SERIAL_GET_LINE_CONTROL	Serial0	SUCCESS		
32	0.00000196	RSPDRV.exe	IOCTL_SERIAL_GET_CHARS	Serial0	SUCCESS		
33	0.00000251	RSPDRV.exe	IOCTL_SERIAL_GET_HANDFLOW	Serial0	SUCCESS		
34	0.00000168	RSPDRV.exe	IOCTL_SERIAL_GET_BAUD_RATE	Serial0	SUCCESS		
35	0.00000196	RSPDRV.exe	IOCTL_SERIAL_GET_LINE_CONTROL	Serial0	SUCCESS		
36	0.00000196	RSPDRV.exe	IOCTL_SERIAL_GET_CHARS	Serial0	SUCCESS		
37	0.00000168	RSPDRV.exe	IOCTL_SERIAL_GET_HANDFLOW	Serial0	SUCCESS		
38	0.00000922	RSPDRV.exe	IOCTL_SERIAL_SET_BAUD_RATE	Serial0	SUCCESS	Rate: 9600	
39	0.00000475	RSPDRV.exe	IOCTL_SERIAL_SET_RTS	Serial0	SUCCESS		
40	0.00000419	RSPDRV.exe	IOCTL_SERIAL_SET_DTR	Serial0	SUCCESS		
41	0.00000363	RSPDRV.exe	IOCTL_SERIAL_SET_LINE_CONTROL	Serial0	SUCCESS	StopBits: 1 Parity: NONE WordLength: 8	
42	0.00000223	RSPDRV.exe	IOCTL_SERIAL_SET_CHAR	Serial0	SUCCESS	EOF:0 ERR:0 BRK:0 EVT:0 XON:11 XOFF:13	
43	0.00000503	RSPDRV.exe	IOCTL_SERIAL_SET_HANDFLOW	Serial0	SUCCESS	Shake:1 Replace:40 XonLimit:2048 XoffLimit:512	
44	0.00000196	RSPDRV.exe	IOCTL_SERIAL_GET_TIMEOUTS	Serial0	SUCCESS		
45	0.00000196	RSPDRV.exe	IOCTL_SERIAL_SET_TIMEOUTS	Serial0	SUCCESS	RI:10 RM:0 RC:0 WM:0 WC:0	
46	0.00000335	RSPDRV.exe	IOCTL_SERIAL_PURGE	Serial0	SUCCESS	Purge: TXABORT RXABORT TXCLEAR RXCLEAR	
47	0.00000223	RSPDRV.exe	IOCTL_SERIAL_GET_BAUD_RATE	Serial0	SUCCESS		
48	0.00000196	RSPDRV.exe	IOCTL_SERIAL_GET_LINE_CONTROL	Serial0	SUCCESS		
49	0.00000196	RSPDRV.exe	IOCTL_SERIAL_GET_CHARS	Serial0	SUCCESS		
50	0.00000168	RSPDRV.exe	IOCTL_SERIAL_GET_HANDFLOW	Serial0	SUCCESS		
51	0.07581299	RSPDRV.exe	IRP_MJ_READ	Serial0	TIMEOUT	Length 34: 02 40 4D 31 03 3D 02 51 4D 31 40 47 45 4E 45 53 49 53 2D 56 31 2E 36 31 2D 30 37 2F 32 30 30 31 03 49 	
52	0.00003492	RSPDRV.exe	IRP_MJ_WRITE	Serial0	SUCCESS	Length 10: 02 41 4D 31 52 46 56 30 03 4E 	
53	0.00002850	RSPDRV.exe	IRP_MJ_WRITE	Serial0	SUCCESS	Length 6: 02 40 4D 31 03 3D 	
54	0.06196207	RSPDRV.exe	IRP_MJ_READ	Serial0	TIMEOUT	Length 13: 02 40 4D 31 03 3D 02 52 4D 31 40 03 6F 	
55	0.00447683	RSPDRV.exe	IRP_MJ_WRITE	Serial0	SUCCESS	Length 10: 02 42 4D 31 53 48 42 33 03 55 	
56	0.00002626	RSPDRV.exe	IRP_MJ_WRITE	Serial0	SUCCESS	Length 6: 02 40 4D 31 03 3D 	
57	0.00000838	RSPDRV.exe	IRP_MJ_FLUSH_BUFFERS	Serial0	SUCCESS		
58	0.00000726	RSPDRV.exe	IOCTL_SERIAL_PURGE	Serial0	SUCCESS	Purge: TXABORT RXABORT TXCLEAR RXCLEAR	
59	0.00000335	RSPDRV.exe	IRP_MJ_CLEANUP	Serial0	SUCCESS		
60	0.01551789	RSPDRV.exe	IRP_MJ_CLOSE	Serial0	SUCCESS		
61	0.00006453	RSPDRV.exe	IRP_MJ_CREATE	Serial0	SUCCESS	Options: Open 	
62	0.00000782	RSPDRV.exe	IOCTL_SERIAL_PURGE	Serial0	SUCCESS	Purge: TXABORT RXABORT TXCLEAR RXCLEAR	
63	0.00000279	RSPDRV.exe	IRP_MJ_FLUSH_BUFFERS	Serial0	SUCCESS		
64	0.00000335	RSPDRV.exe	IOCTL_SERIAL_PURGE	Serial0	SUCCESS	Purge: TXABORT RXABORT TXCLEAR RXCLEAR	
65	0.00000223	RSPDRV.exe	IOCTL_SERIAL_SET_QUEUE_SIZE	Serial0	SUCCESS	InSize: 2048 OutSize: 2048	
66	0.00000223	RSPDRV.exe	IOCTL_SERIAL_GET_BAUD_RATE	Serial0	SUCCESS		
67	0.00000251	RSPDRV.exe	IOCTL_SERIAL_GET_LINE_CONTROL	Serial0	SUCCESS		
68	0.00000196	RSPDRV.exe	IOCTL_SERIAL_GET_CHARS	Serial0	SUCCESS		
69	0.00000223	RSPDRV.exe	IOCTL_SERIAL_GET_HANDFLOW	Serial0	SUCCESS		
70	0.00000196	RSPDRV.exe	IOCTL_SERIAL_GET_BAUD_RATE	Serial0	SUCCESS		
71	0.00000168	RSPDRV.exe	IOCTL_SERIAL_GET_LINE_CONTROL	Serial0	SUCCESS		
72	0.00000168	RSPDRV.exe	IOCTL_SERIAL_GET_CHARS	Serial0	SUCCESS		
73	0.00000196	RSPDRV.exe	IOCTL_SERIAL_GET_HANDFLOW	Serial0	SUCCESS		
74	0.00000810	RSPDRV.exe	IOCTL_SERIAL_SET_BAUD_RATE	Serial0	SUCCESS	Rate: 9600	
75	0.00000559	RSPDRV.exe	IOCTL_SERIAL_SET_RTS	Serial0	SUCCESS		
76	0.00000419	RSPDRV.exe	IOCTL_SERIAL_SET_DTR	Serial0	SUCCESS		
77	0.00000363	RSPDRV.exe	IOCTL_SERIAL_SET_LINE_CONTROL	Serial0	SUCCESS	StopBits: 1 Parity: NONE WordLength: 8	
78	0.00000223	RSPDRV.exe	IOCTL_SERIAL_SET_CHAR	Serial0	SUCCESS	EOF:0 ERR:0 BRK:0 EVT:0 XON:11 XOFF:13	
79	0.00000363	RSPDRV.exe	IOCTL_SERIAL_SET_HANDFLOW	Serial0	SUCCESS	Shake:1 Replace:40 XonLimit:2048 XoffLimit:512	
80	0.00000196	RSPDRV.exe	IOCTL_SERIAL_GET_TIMEOUTS	Serial0	SUCCESS		
81	0.00000196	RSPDRV.exe	IOCTL_SERIAL_SET_TIMEOUTS	Serial0	SUCCESS	RI:10 RM:0 RC:0 WM:0 WC:0	
82	0.00000335	RSPDRV.exe	IOCTL_SERIAL_PURGE	Serial0	SUCCESS	Purge: TXABORT RXABORT TXCLEAR RXCLEAR	
83	0.00000196	RSPDRV.exe	IOCTL_SERIAL_GET_BAUD_RATE	Serial0	SUCCESS		
84	0.00000168	RSPDRV.exe	IOCTL_SERIAL_GET_LINE_CONTROL	Serial0	SUCCESS		
85	0.00000196	RSPDRV.exe	IOCTL_SERIAL_GET_CHARS	Serial0	SUCCESS		
86	0.00000196	RSPDRV.exe	IOCTL_SERIAL_GET_HANDFLOW	Serial0	SUCCESS		
87	0.20741267	RSPDRV.exe	IRP_MJ_READ	Serial0	TIMEOUT	Length 14: 02 40 41 31 03 31 02 51 41 31 40 38 03 58 	
88	0.00004163	RSPDRV.exe	IRP_MJ_WRITE	Serial0	SUCCESS	Length 10: 02 41 41 31 52 4E 54 31 03 49 	
89	0.00003185	RSPDRV.exe	IRP_MJ_WRITE	Serial0	SUCCESS	Length 6: 02 40 41 31 03 31 	
90	0.07780346	RSPDRV.exe	IRP_MJ_READ	Serial0	TIMEOUT	Length 34: 02 40 4D 31 03 3D 02 53 4D 31 40 47 45 4E 45 53 49 53 2D 56 31 2E 36 31 2D 30 37 2F 32 30 30 31 03 4B 	
91	0.00484363	RSPDRV.exe	IRP_MJ_WRITE	Serial0	SUCCESS	Length 10: 02 43 4D 31 52 46 56 30 03 4C 	
92	0.00003129	RSPDRV.exe	IRP_MJ_WRITE	Serial0	SUCCESS	Length 6: 02 40 4D 31 03 3D 	
93	65.24853773	RSPDRV.exe	IRP_MJ_READ	Serial0	TIMEOUT	Length 14: 02 40 4D 31 03 3D 02 54 4D 31 40 31 03 58 	
94	0.00004777	RSPDRV.exe	IRP_MJ_WRITE	Serial0	SUCCESS	Length 12: 02 44 4D 31 52 53 44 30 2C 31 03 51 	
95	0.00002766	RSPDRV.exe	IRP_MJ_WRITE	Serial0	SUCCESS	Length 6: 02 40 4D 31 03 3D 	
96	0.06222886	RSPDRV.exe	IRP_MJ_READ	Serial0	TIMEOUT	Length 14: 02 40 41 31 03 31 02 52 41 31 40 38 03 5B 	
97	0.00501879	RSPDRV.exe	IRP_MJ_WRITE	Serial0	SUCCESS	Length 10: 02 42 41 31 52 4E 54 31 03 4A 	
98	0.00002682	RSPDRV.exe	IRP_MJ_WRITE	Serial0	SUCCESS	Length 6: 02 40 41 31 03 31 	
99	0.06209588	RSPDRV.exe	IRP_MJ_READ	Serial0	TIMEOUT	Length 16: 02 40 41 31 03 31 02 53 41 31 40 31 34 39 03 5E 	
100	0.00499868	RSPDRV.exe	IRP_MJ_WRITE	Serial0	SUCCESS	Length 10: 02 43 41 31 52 50 58 34 03 5C 	
101	0.00002933	RSPDRV.exe	IRP_MJ_WRITE	Serial0	SUCCESS	Length 6: 02 40 41 31 03 31 	
102	0.06226099	RSPDRV.exe	IRP_MJ_READ	Serial0	TIMEOUT	Length 20: 02 40 41 31 03 31 02 54 41 31 40 38 38 39 2C 38 39 39 03 48 	
103	0.00506154	RSPDRV.exe	IRP_MJ_WRITE	Serial0	SUCCESS	Length 10: 02 44 41 31 52 50 59 34 03 5A 	
104	0.00002905	RSPDRV.exe	IRP_MJ_WRITE	Serial0	SUCCESS	Length 6: 02 40 41 31 03 31 	
105	0.09408319	RSPDRV.exe	IRP_MJ_READ	Serial0	TIMEOUT	Length 36: 02 40 41 31 03 31 02 55 41 31 40 37 30 2C 36 34 2C 37 39 2C 38 35 2C 39 31 2C 39 31 2C 38 30 2C 37 37 03 46 	
106	0.00003408	RSPDRV.exe	IRP_MJ_WRITE	Serial0	SUCCESS	Length 10: 02 45 41 31 52 50 5A 34 03 58 	
107	0.00003017	RSPDRV.exe	IRP_MJ_WRITE	Serial0	SUCCESS	Length 6: 02 40 41 31 03 31 	
108	0.05787831	RSPDRV.exe	IRP_MJ_READ	Serial0	TIMEOUT	Length 24: 02 40 41 31 03 31 02 56 41 31 40 47 47 47 47 47 47 47 47 47 47 47 03 20 	
109	0.00003520	RSPDRV.exe	IRP_MJ_WRITE	Serial0	SUCCESS	Length 9: 02 46 41 31 52 45 45 03 65 	
110	0.00003380	RSPDRV.exe	IRP_MJ_WRITE	Serial0	SUCCESS	Length 6: 02 40 41 31 03 31 	
111	0.05034076	RSPDRV.exe	IRP_MJ_READ	Serial0	TIMEOUT	Length 14: 02 40 41 31 03 31 02 57 41 31 40 30 03 56 	
112	0.00003017	RSPDRV.exe	IRP_MJ_WRITE	Serial0	SUCCESS	Length 9: 02 47 41 31 52 53 44 03 73 	
113	0.00002710	RSPDRV.exe	IRP_MJ_WRITE	Serial0	SUCCESS	Length 6: 02 40 41 31 03 31 	
114	0.05078076	RSPDRV.exe	IRP_MJ_READ	Serial0	TIMEOUT	Length 18: 02 40 41 31 03 31 02 51 41 31 40 31 37 31 35 30 03 52 	
115	0.00003352	RSPDRV.exe	IRP_MJ_WRITE	Serial0	SUCCESS	Length 10: 02 41 41 31 52 50 58 35 03 5F 	
116	0.00002794	RSPDRV.exe	IRP_MJ_WRITE	Serial0	SUCCESS	Length 6: 02 40 41 31 03 31 	
117	0.05770594	RSPDRV.exe	IRP_MJ_READ	Serial0	TIMEOUT	Length 22: 02 40 41 31 03 31 02 52 41 31 40 32 38 30 30 2C 32 38 30 30 03 4F 	
118	0.00052604	RSPDRV.exe	IRP_MJ_WRITE	Serial0	SUCCESS	Length 10: 02 42 41 31 52 50 59 35 03 5D 	
119	0.00002989	RSPDRV.exe	IRP_MJ_WRITE	Serial0	SUCCESS	Length 6: 02 40 41 31 03 31 	
120	0.04650870	RSPDRV.exe	IRP_MJ_READ	Serial0	TIMEOUT	Length 6: 02 40 41 31 03 31 	
121	0.00497326	RSPDRV.exe	IRP_MJ_WRITE	Serial0	SUCCESS	Length 10: 02 43 41 31 52 50 5A 35 03 5F 	
122	0.01829534	RSPDRV.exe	IRP_MJ_READ	Serial0	SUCCESS	Length 24: 02 53 41 31 40 32 31 30 30 2C 32 31 30 30 2C 32 31 30 30 2C 32 31 30 30 	
123	0.04403968	RSPDRV.exe	IRP_MJ_READ	Serial0	TIMEOUT	Length 22: 2C 32 31 30 30 2C 32 31 30 30 2C 32 31 30 30 2C 32 31 30 30 03 4E 	
124	0.00002961	RSPDRV.exe	IRP_MJ_WRITE	Serial0	SUCCESS	Length 6: 02 40 41 31 03 31 	
125	0.06225009	RSPDRV.exe	IRP_MJ_READ	Serial0	TIMEOUT	Length 14: 02 40 4D 31 03 3D 02 55 4D 31 40 31 03 59 	
126	0.00180973	RSPDRV.exe	IRP_MJ_WRITE	Serial0	SUCCESS	Length 12: 02 45 4D 31 52 53 44 34 2C 31 03 54 	
127	0.00003185	RSPDRV.exe	IRP_MJ_WRITE	Serial0	SUCCESS	Length 6: 02 40 4D 31 03 3D 	
128	0.04995272	RSPDRV.exe	IRP_MJ_READ	Serial0	TIMEOUT	Length 16: 02 40 52 31 03 22 02 51 52 31 40 35 38 30 03 4E 	
129	0.00003241	RSPDRV.exe	IRP_MJ_WRITE	Serial0	SUCCESS	Length 10: 02 41 52 31 52 50 47 37 03 51 	
130	0.00003045	RSPDRV.exe	IRP_MJ_WRITE	Serial0	SUCCESS	Length 6: 02 40 52 31 03 22 	
131	0.05923127	RSPDRV.exe	IRP_MJ_READ	Serial0	TIMEOUT	Length 17: 02 40 52 31 03 22 02 52 52 31 40 32 34 38 30 03 7E 	
132	0.00203322	RSPDRV.exe	IRP_MJ_WRITE	Serial0	SUCCESS	Length 10: 02 42 52 31 52 50 5A 35 03 4D 	
133	0.00002961	RSPDRV.exe	IRP_MJ_WRITE	Serial0	SUCCESS	Length 6: 02 40 52 31 03 22 	
134	0.05577245	RSPDRV.exe	IRP_MJ_READ	Serial0	TIMEOUT	Length 14: 02 40 4D 31 03 3D 02 56 4D 31 40 30 03 5B 	
135	0.00003520	RSPDRV.exe	IRP_MJ_WRITE	Serial0	SUCCESS	Length 12: 02 46 4D 31 52 53 44 33 2C 31 03 50 	
136	0.00003269	RSPDRV.exe	IRP_MJ_WRITE	Serial0	SUCCESS	Length 6: 02 40 4D 31 03 3D 	
137	0.07312661	RSPDRV.exe	IRP_MJ_READ	Serial0	TIMEOUT	Length 30: 02 40 44 31 03 34 02 51 44 31 40 56 43 43 2D 56 31 2E 32 30 2D 30 36 2F 32 30 30 30 03 53 	
138	0.00030926	RSPDRV.exe	IRP_MJ_WRITE	Serial0	SUCCESS	Length 9: 02 41 44 31 51 32 33 03 65 	
139	0.00002850	RSPDRV.exe	IRP_MJ_WRITE	Serial0	SUCCESS	Length 6: 02 40 44 31 03 34 	
140	0.06111978	RSPDRV.exe	IRP_MJ_READ	Serial0	TIMEOUT	Length 14: 02 40 4D 31 03 3D 02 57 4D 31 40 38 03 52 	
141	0.00333702	RSPDRV.exe	IRP_MJ_WRITE	Serial0	SUCCESS	Length 12: 02 47 4D 31 52 53 44 31 2C 31 03 53 	
142	0.00002961	RSPDRV.exe	IRP_MJ_WRITE	Serial0	SUCCESS	Length 6: 02 40 4D 31 03 3D 	
143	0.06215427	RSPDRV.exe	IRP_MJ_READ	Serial0	TIMEOUT	Length 13: 02 40 4F 31 03 3F 02 41 4F 31 45 03 7B 	
144	0.00360856	RSPDRV.exe	IRP_MJ_WRITE	Serial0	SUCCESS	Length 9: 02 41 4F 31 52 46 56 03 7C 	
145	0.00002850	RSPDRV.exe	IRP_MJ_WRITE	Serial0	SUCCESS	Length 6: 02 40 4F 31 03 3F 	
146	0.06196207	RSPDRV.exe	IRP_MJ_READ	Serial0	TIMEOUT	Length 14: 02 40 4D 31 03 3D 02 51 4D 31 40 30 03 5C 	
147	0.00484028	RSPDRV.exe	IRP_MJ_WRITE	Serial0	SUCCESS	Length 9: 02 41 4D 31 52 4E 56 03 76 	
148	0.00002989	RSPDRV.exe	IRP_MJ_WRITE	Serial0	SUCCESS	Length 6: 02 40 4D 31 03 3D 	
149	0.06218444	RSPDRV.exe	IRP_MJ_READ	Serial0	TIMEOUT	Length 14: 02 40 4D 31 03 3D 02 52 4D 31 40 30 03 5F 	
150	0.00497074	RSPDRV.exe	IRP_MJ_WRITE	Serial0	SUCCESS	Length 12: 02 42 4D 31 52 53 44 32 2C 30 03 54 	
151	0.00002905	RSPDRV.exe	IRP_MJ_WRITE	Serial0	SUCCESS	Length 6: 02 40 4D 31 03 3D 	
152	0.05611607	RSPDRV.exe	IRP_MJ_READ	Serial0	TIMEOUT	Length 14: 02 40 4D 31 03 3D 02 53 4D 31 40 30 03 5E 	
153	0.00003632	RSPDRV.exe	IRP_MJ_WRITE	Serial0	SUCCESS	Length 12: 02 43 4D 31 52 53 44 36 2C 30 03 51 	
154	0.00002905	RSPDRV.exe	IRP_MJ_WRITE	Serial0	SUCCESS	Length 6: 02 40 4D 31 03 3D 	
155	0.05173227	RSPDRV.exe	IRP_MJ_READ	Serial0	TIMEOUT	Length 14: 02 40 4D 31 03 3D 02 54 4D 31 40 30 03 59 	
156	0.00003743	RSPDRV.exe	IRP_MJ_WRITE	Serial0	SUCCESS	Length 12: 02 44 4D 31 52 53 44 37 2C 30 03 57 	
157	0.00002850	RSPDRV.exe	IRP_MJ_WRITE	Serial0	SUCCESS	Length 6: 02 40 4D 31 03 3D 	
158	0.05947655	RSPDRV.exe	IRP_MJ_READ	Serial0	TIMEOUT	Length 18: 02 40 4D 31 03 3D 02 55 4D 31 40 31 37 33 30 30 03 5D 	
159	0.00227990	RSPDRV.exe	IRP_MJ_WRITE	Serial0	SUCCESS	Length 9: 02 45 4D 31 52 4D 41 03 66 	
160	0.00002989	RSPDRV.exe	IRP_MJ_WRITE	Serial0	SUCCESS	Length 6: 02 40 4D 31 03 3D 	
161	0.05636219	RSPDRV.exe	IRP_MJ_READ	Serial0	TIMEOUT	Length 17: 02 40 4D 31 03 3D 02 56 4D 31 40 36 32 36 30 03 69 	
162	0.00003408	RSPDRV.exe	IRP_MJ_WRITE	Serial0	SUCCESS	Length 10: 02 46 4D 31 52 46 56 32 03 4B 	
163	0.00002905	RSPDRV.exe	IRP_MJ_WRITE	Serial0	SUCCESS	Length 6: 02 40 4D 31 03 3D 	
164	0.17058062	RSPDRV.exe	IRP_MJ_READ	Serial0	TIMEOUT	Length 14: 02 40 41 31 03 31 02 54 41 31 40 38 03 5D 	
165	0.00004526	RSPDRV.exe	IRP_MJ_WRITE	Serial0	SUCCESS	Length 10: 02 44 41 31 52 4E 54 31 03 4C 	
166	0.00002989	RSPDRV.exe	IRP_MJ_WRITE	Serial0	SUCCESS	Length 6: 02 40 41 31 03 31 	
167	0.05872590	RSPDRV.exe	IRP_MJ_READ	Serial0	SUCCESS	Length 11: 02 40 4D 31 03 3D 02 57 4D 31 40 	
168	0.00004554	RSPDRV.exe	IRP_MJ_WRITE	Serial0	SUCCESS	Length 10: 02 47 4D 31 52 46 56 32 03 4A 	
169	0.00333590	RSPDRV.exe	IRP_MJ_READ	Serial0	TIMEOUT	Length 5: 36 32 36 30 03 	
170	0.03121849	RSPDRV.exe	IRP_MJ_READ	Serial0	TIMEOUT	Length 1: 68 	
171	0.00002850	RSPDRV.exe	IRP_MJ_WRITE	Serial0	SUCCESS	Length 6: 02 40 4D 31 03 3D 	
172	16.01995505	RSPDRV.exe	IRP_MJ_READ	Serial0	TIMEOUT	Length 14: 02 40 41 31 03 31 02 55 41 31 40 38 03 5C 	
173	0.00004386	RSPDRV.exe	IRP_MJ_WRITE	Serial0	SUCCESS	Length 10: 02 45 41 31 52 4E 54 31 03 4D 	
174	0.00002738	RSPDRV.exe	IRP_MJ_WRITE	Serial0	SUCCESS	Length 6: 02 40 41 31 03 31 	
175	0.07779844	RSPDRV.exe	IRP_MJ_READ	Serial0	TIMEOUT	Length 34: 02 40 4D 31 03 3D 02 51 4D 31 40 47 45 4E 45 53 49 53 2D 56 31 2E 36 31 2D 30 37 2F 32 30 30 31 03 49 	
176	0.00277242	RSPDRV.exe	IRP_MJ_WRITE	Serial0	SUCCESS	Length 10: 02 41 4D 31 52 46 56 30 03 4E 	
177	0.00003017	RSPDRV.exe	IRP_MJ_WRITE	Serial0	SUCCESS	Length 6: 02 40 4D 31 03 3D 	
178	0.00503779	RSPDRV.exe	IRP_MJ_WRITE	Serial0	SUCCESS	Length 10: 02 42 4D 31 52 46 56 31 03 4C 	
179	0.07764367	RSPDRV.exe	IRP_MJ_READ	Serial0	TIMEOUT	Length 37: 02 40 4D 31 03 3D 02 52 4D 31 40 47 45 4E 45 53 49 53 2D 42 4F 4F 54 2D 56 31 2E 30 33 2D 31 30 2F 39 35 03 7C 	
180	0.00003185	RSPDRV.exe	IRP_MJ_WRITE	Serial0	SUCCESS	Length 6: 02 40 4D 31 03 3D 	
181	3.31853350	RSPDRV.exe	IRP_MJ_READ	Serial0	TIMEOUT	Length 6: 02 40 4D 31 03 3D 	
182	0.00004079	RSPDRV.exe	IRP_MJ_WRITE	Serial0	SUCCESS	Length 9: 02 43 4D 31 50 49 53 03 74 	
183	46.90534439	RSPDRV.exe	IRP_MJ_READ	Serial0	TIMEOUT	Length 7: 02 53 4D 31 40 03 6E 	
184	0.00003017	RSPDRV.exe	IRP_MJ_WRITE	Serial0	SUCCESS	Length 6: 02 40 4D 31 03 3D 	
185	0.06220735	RSPDRV.exe	IRP_MJ_READ	Serial0	TIMEOUT	Length 18: 02 40 52 31 03 22 02 53 52 31 40 40 40 40 40 40 03 31 	
186	0.00497354	RSPDRV.exe	IRP_MJ_WRITE	Serial0	SUCCESS	Length 9: 02 43 52 31 52 45 45 03 73 	
187	0.00002794	RSPDRV.exe	IRP_MJ_WRITE	Serial0	SUCCESS	Length 6: 02 40 52 31 03 22 	
188	0.00000000	RSPDRV.exe	IRP_MJ_READ	Serial0		Length 134	
